cluster-p1-ndr-leaf01 location.01.01 47 SERIALNUM mt2341xz0bn2
cluster-p1-ndr-leaf02 location.01.02 47 SERIALNUM mt2341xz0bmy
cluster-p1-ndr-leaf03 location.01.03 47 SERIALNUM mt2341xz0bep
cluster-p1-ndr-leaf04 location.01.04 47 SERIALNUM MT2341XZ0BN0
cluster-p1-ndr-leaf05 location.01.05 47 SERIALNUM MT2341XZ0BR1
cluster-p1-ndr-leaf06 location.01.06 47 SERIALNUM MT2344XZ0BEJ
cluster-p1-ndr-leaf07 location.01.07 47 SERIALNUM MT2341XZ0BLC
cluster-p1-ndr-leaf08 location.01.08 47 SERIALNUM MT2341XZ0BNF
cluster-p1-ndr-leaf09 location.02.01 47 SERIALNUM MT2341XZ0BEF
cluster-p1-ndr-leaf10 location.02.02 47 SERIALNUM MT2341XZ0BG1
cluster-p1-ndr-leaf11 location.02.03 47 SERIALNUM MT2341XZ0BEK
cluster-p1-ndr-leaf12 location.02.04 47 SERIALNUM MT2341XZ0BNK
cluster-p1-ndr-leaf13 location.02.05 47 SERIALNUM MT2344XZ0BMQ
cluster-p1-ndr-leaf14 location.02.06 47 SERIALNUM MT2341XZ0BLR
cluster-p1-ndr-leaf15 location.02.07 47 SERIALNUM MT2341XZ0BLL
cluster-p1-ndr-leaf16 location.02.08 47 SERIALNUM MT2344XZ0BNN
cluster-p1-ndr-leaf17 location.03.01 47 SERIALNUM MT2341XZ0BNM
cluster-p1-ndr-leaf18 location.03.02 47 SERIALNUM MT2344XZ0BNL
cluster-p1-ndr-leaf19 location.03.03 47 SERIALNUM MT2329XZ04TU
cluster-p1-ndr-leaf20 location.03.04 47 SERIALNUM MT2343XZ0C29
cluster-p1-ndr-leaf21 location.03.05 47 SERIALNUM MT2344XZ0BR0
cluster-p1-ndr-leaf22 location.03.06 47 SERIALNUM MT2344XZ0BQ7
cluster-p1-ndr-leaf23 location.03.07 47 SERIALNUM MT2344XZ0BQ8
cluster-p1-ndr-leaf24 location.03.08 47 SERIALNUM MT2344XZ0BMG
cluster-p1-ndr-leaf25 location.04.02 47 SERIALNUM MT2343XZ0C2B
cluster-p1-ndr-leaf26 location.04.03 47 SERIALNUM MT2344XZ0BR5
cluster-p1-ndr-leaf27 location.04.04 47 SERIALNUM MT2343XZ0C2E
cluster-p1-ndr-leaf28 location.04.05 47 SERIALNUM MT2344XZ0BQ4
cluster-p1-ndr-leaf29 location.04.06 47 SERIALNUM MT2343XZ0C2C
cluster-p1-ndr-leaf30 location.04.07 47 SERIALNUM MT2344XZ0BMT
cluster-p1-ndr-leaf31 location.04.08 47 SERIALNUM MT2329XZ057T
cluster-p1-ndr-leaf32 location.04.09 47 SERIALNUM MT2344XZ0BKT
cluster-p2-ndr-leaf01 location.05.02 47 SERIALNUM MT2344XZ0BMH
cluster-p2-ndr-leaf02 location.05.03 47 SERIALNUM MT2344XZ0BMJ
cluster-p2-ndr-leaf03 location.05.04 47 SERIALNUM MT2344XZ0BR7
cluster-p2-ndr-leaf04 location.05.05 47 SERIALNUM MT2344XZ0BR6
cluster-p2-ndr-leaf05 location.05.06 47 SERIALNUM MT2344XZ0BR9
cluster-p2-ndr-leaf06 location.05.07 47 SERIALNUM MT2344XZ0BR8
cluster-p2-ndr-leaf07 location.05.08 47 SERIALNUM MT2344XZ0BR4
cluster-p2-ndr-leaf08 location.05.09 47 SERIALNUM MT2344XZ0BQ3
cluster-p2-ndr-leaf09 location.06.01 47 SERIALNUM MT2344XZ0BQ9
cluster-p2-ndr-leaf10 location.06.02 47 SERIALNUM MT2344XZ0BMP
cluster-p2-ndr-leaf11 location.06.03 47 SERIALNUM MT2344XZ0BQD
cluster-p2-ndr-leaf12 location.06.04 47 SERIALNUM MT2344XZ0BMN
cluster-p2-ndr-leaf13 location.06.05 47 SERIALNUM MT2344XZ05PA
cluster-p2-ndr-leaf14 location.06.06 47 SERIALNUM MT2344XZ0BL5
cluster-p2-ndr-leaf15 location.06.07 47 SERIALNUM MT2344XZ0BEG
cluster-p2-ndr-leaf16 location.06.08 47 SERIALNUM MT2344XZ0BNP
cluster-p2-ndr-leaf17 location.07.01 47 SERIALNUM MT2343XZ0C1C
cluster-p2-ndr-leaf18 location.07.02 47 SERIALNUM MT2344XZ0BLE
cluster-p2-ndr-leaf19 location.07.03 47 SERIALNUM MT2343XZ0C0P
cluster-p2-ndr-leaf20 location.07.04 47 SERIALNUM MT2343XZ0C0X
cluster-p2-ndr-leaf21 location.07.05 47 SERIALNUM MT2343XZ0BY2
cluster-p2-ndr-leaf22 location.07.06 47 SERIALNUM MT2343XZ0BY1
cluster-p2-ndr-leaf23 location.07.07 47 SERIALNUM MT2343XZ0C26
cluster-p2-ndr-leaf24 location.07.08 47 SERIALNUM MT2344XZ0BR2
cluster-p2-ndr-leaf25 location.08.01 47 SERIALNUM MT2344XZ0BL8
cluster-p2-ndr-leaf26 location.08.02 47 SERIALNUM MT2344XZ0BQZ
cluster-p2-ndr-leaf27 location.08.03 47 SERIALNUM MT2344XZ0BLP
cluster-p2-ndr-leaf28 location.08.04 47 SERIALNUM MT2344XZ0BLQ
cluster-p2-ndr-leaf29 location.08.05 47 SERIALNUM MT2344XZ0BLV
cluster-p2-ndr-leaf30 location.08.06 47 SERIALNUM MT2344XZ0081
cluster-p2-ndr-leaf31 location.08.07 47 SERIALNUM MT2344XZ0BQA
cluster-p2-ndr-leaf32 location.08.08 47 SERIALNUM MT2344XZ0BL3
cluster-p1-ndr-spine01 location.04.01 2 SERIALNUM MT2341XZ007Y
cluster-p1-ndr-spine02 location.04.01 4 SERIALNUM MT2343XZ0C0Z
cluster-p1-ndr-spine03 location.04.01 6 SERIALNUM MT2343XZ0BY7
cluster-p1-ndr-spine04 location.04.01 8 SERIALNUM MT2343XZ0BY3
cluster-p1-ndr-spine05 location.04.01 10 SERIALNUM MT2343XZ0BY0
cluster-p1-ndr-spine06 location.04.01 12 SERIALNUM MT2341XZ007W
cluster-p1-ndr-spine07 location.04.01 14 SERIALNUM MT2341XZ05NB
cluster-p1-ndr-spine08 location.04.01 16 SERIALNUM MT2343XZ0BYE
cluster-p1-ndr-spine09 location.04.01 18 SERIALNUM MT2343XZ0C0W
cluster-p1-ndr-spine10 location.04.01 20 SERIALNUM MT2341XZ007N
cluster-p1-ndr-spine11 location.04.01 22 SERIALNUM MT2341XZ05NC
cluster-p1-ndr-spine12 location.04.01 24 SERIALNUM MT2343XZ0C0Q
cluster-p1-ndr-spine13 location.04.01 26 SERIALNUM MT2341XZ007R
cluster-p1-ndr-spine14 location.04.01 28 SERIALNUM MT2343XZ0C24
cluster-p1-ndr-spine15 location.04.01 30 SERIALNUM MT2341XZ007Q
cluster-p1-ndr-spine16 location.04.01 32 SERIALNUM MT2341XZ007L
cluster-p2-ndr-spine17 location.05.01 2 SERIALNUM MT2344XZ0BQB
cluster-p2-ndr-spine18 location.05.01 4 SERIALNUM MT2344XZ0BN1
cluster-p2-ndr-spine19 location.05.01 6 SERIALNUM MT2344XZ0BML
cluster-p2-ndr-spine20 location.05.01 8 SERIALNUM MT2344XZ0BRB
cluster-p2-ndr-spine21 location.05.01 10 SERIALNUM MT2344XZ0BQE
cluster-p2-ndr-spine22 location.05.01 12 SERIALNUM MT2344XZ0BMM
cluster-p2-ndr-spine23 location.05.01 14 SERIALNUM MT2344XZ0BLM
cluster-p2-ndr-spine24 location.05.01 16 SERIALNUM MT2344XZ0BQF
cluster-p2-ndr-spine25 location.05.01 18 SERIALNUM MT2344XZ0BLW
cluster-p2-ndr-spine26 location.05.01 20 SERIALNUM MT2344XZ0BQC
cluster-p2-ndr-spine27 location.05.01 22 SERIALNUM MT2344XZ0BMZ
cluster-p2-ndr-spine28 location.05.01 24 SERIALNUM MT2344XZ0BEL
cluster-p2-ndr-spine29 location.05.01 26 SERIALNUM MT2344XZ0BL9
cluster-p2-ndr-spine30 location.05.01 28 SERIALNUM MT2344XZ0BLK
cluster-p2-ndr-spine31 location.05.01 30 SERIALNUM MT2344XZ0BLU
cluster-p2-ndr-spine32 location.05.01 32 SERIALNUM MT2344XZ0BNJ
